Using pre-set license
Built from '2022.3/staging' branch; Version is '2022.3.41f1 (0f988161febf) revision 1022081'; Using compiler version '192829333'; Build Type 'Release'
OS: 'Windows 11  (10.0.22631) 64bit Professional' Language: 'es' Physical Memory: 15693 MB
BatchMode: 1, IsHumanControllingUs: 0, StartBugReporterOnCrash: 0, Is64bit: 1, IsPro: 1

COMMAND LINE ARGUMENTS:
C:\Program Files\Unity\Hub\Editor\2022.3.41f1\Editor\Unity.exe
-adb2
-batchMode
-noUpm
-name
AssetImportWorker11
-projectPath
C:/Users/USUARIO/Desktop/PRO_BUILDER/Pro_Builder_GP
-logFile
Logs/AssetImportWorker11.log
-srvPort
64006
Successfully changed project path to: C:/Users/USUARIO/Desktop/PRO_BUILDER/Pro_Builder_GP
C:/Users/USUARIO/Desktop/PRO_BUILDER/Pro_Builder_GP
[UnityMemory] Configuration Parameters - Can be set up in boot.config
    "memorysetup-bucket-allocator-granularity=16"
    "memorysetup-bucket-allocator-bucket-count=8"
    "memorysetup-bucket-allocator-block-size=33554432"
    "memorysetup-bucket-allocator-block-count=8"
    "memorysetup-main-allocator-block-size=16777216"
    "memorysetup-thread-allocator-block-size=16777216"
    "memorysetup-gfx-main-allocator-block-size=16777216"
    "memorysetup-gfx-thread-allocator-block-size=16777216"
    "memorysetup-cache-allocator-block-size=4194304"
    "memorysetup-typetree-allocator-block-size=2097152"
    "memorysetup-profiler-bucket-allocator-granularity=16"
    "memorysetup-profiler-bucket-allocator-bucket-count=8"
    "memorysetup-profiler-bucket-allocator-block-size=33554432"
    "memorysetup-profiler-bucket-allocator-block-count=8"
    "memorysetup-profiler-allocator-block-size=16777216"
    "memorysetup-profiler-editor-allocator-block-size=1048576"
    "memorysetup-temp-allocator-size-main=16777216"
    "memorysetup-job-temp-allocator-block-size=2097152"
    "memorysetup-job-temp-allocator-block-size-background=1048576"
    "memorysetup-job-temp-allocator-reduction-small-platforms=262144"
    "memorysetup-allocator-temp-initial-block-size-main=262144"
    "memorysetup-allocator-temp-initial-block-size-worker=262144"
    "memorysetup-temp-allocator-size-background-worker=32768"
    "memorysetup-temp-allocator-size-job-worker=262144"
    "memorysetup-temp-allocator-size-preload-manager=33554432"
    "memorysetup-temp-allocator-size-nav-mesh-worker=65536"
    "memorysetup-temp-allocator-size-audio-worker=65536"
    "memorysetup-temp-allocator-size-cloud-worker=32768"
    "memorysetup-temp-allocator-size-gi-baking-worker=262144"
    "memorysetup-temp-allocator-size-gfx=262144"
Player connection [8552]  Target information:

Player connection [8552]  * "[IP] 192.168.40.1 [Port] 0 [Flags] 2 [Guid] 2385397047 [EditorId] 2385397047 [Version] 1048832 [Id] WindowsEditor(7,DESKTOP-408GGEB) [Debug] 1 [PackageName] WindowsEditor [ProjectName] Editor" 

Player connection [8552]  * "[IP] 192.168.43.1 [Port] 0 [Flags] 2 [Guid] 2385397047 [EditorId] 2385397047 [Version] 1048832 [Id] WindowsEditor(7,DESKTOP-408GGEB) [Debug] 1 [PackageName] WindowsEditor [ProjectName] Editor" 

Player connection [8552]  * "[IP] 192.168.100.196 [Port] 0 [Flags] 2 [Guid] 2385397047 [EditorId] 2385397047 [Version] 1048832 [Id] WindowsEditor(7,DESKTOP-408GGEB) [Debug] 1 [PackageName] WindowsEditor [ProjectName] Editor" 

Player connection [8552] Host joined multi-casting on [225.0.0.222:54997]...
Player connection [8552] Host joined alternative multi-casting on [225.0.0.222:34997]...
[PhysX] Initialized MultithreadedTaskDispatcher with 16 workers.
Refreshing native plugins compatible for Editor in 26.09 ms, found 3 plugins.
Preloading 0 native plugins for Editor in 0.00 ms.
Initialize engine version: 2022.3.41f1 (0f988161febf)
[Subsystems] Discovering subsystems at path C:/Program Files/Unity/Hub/Editor/2022.3.41f1/Editor/Data/Resources/UnitySubsystems
[Subsystems] Discovering subsystems at path C:/Users/USUARIO/Desktop/PRO_BUILDER/Pro_Builder_GP/Assets
GfxDevice: creating device client; threaded=0; jobified=0
Direct3D:
    Version:  Direct3D 11.0 [level 11.1]
    Renderer: AMD Radeon(TM) Graphics (ID=0x164c)
    Vendor:   ATI
    VRAM:     7846 MB
    Driver:   31.0.21910.4002
Initialize mono
Mono path[0] = 'C:/Program Files/Unity/Hub/Editor/2022.3.41f1/Editor/Data/Managed'
Mono path[1] = 'C:/Program Files/Unity/Hub/Editor/2022.3.41f1/Editor/Data/MonoBleedingEdge/lib/mono/unityjit-win32'
Mono config path = 'C:/Program Files/Unity/Hub/Editor/2022.3.41f1/Editor/Data/MonoBleedingEdge/etc'
Using monoOptions --debugger-agent=transport=dt_socket,embedding=1,server=y,suspend=n,address=127.0.0.1:56264
Begin MonoManager ReloadAssembly
Registering precompiled unity dll's ...
Register platform support module: C:/Program Files/Unity/Hub/Editor/2022.3.41f1/Editor/Data/PlaybackEngines/WindowsStandaloneSupport/UnityEditor.WindowsStandalone.Extensions.dll
Registered in 0.013784 seconds.
- Loaded All Assemblies, in  1.097 seconds
Native extension for WindowsStandalone target not found
Mono: successfully reloaded assembly
- Finished resetting the current domain, in  0.799 seconds
Domain Reload Profiling: 1892ms
	BeginReloadAssembly (312ms)
		ExecutionOrderSort (0ms)
		DisableScriptedObjects (0ms)
		BackupInstance (0ms)
		ReleaseScriptingObjects (0ms)
		CreateAndSetChildDomain (2ms)
	RebuildCommonClasses (117ms)
	RebuildNativeTypeToScriptingClass (34ms)
	initialDomainReloadingComplete (171ms)
	LoadAllAssembliesAndSetupDomain (458ms)
		LoadAssemblies (307ms)
		RebuildTransferFunctionScriptingTraits (0ms)
		AnalyzeDomain (454ms)
			TypeCache.Refresh (451ms)
				TypeCache.ScanAssembly (416ms)
			ScanForSourceGeneratedMonoScriptInfo (1ms)
			ResolveRequiredComponents (1ms)
	FinalizeReload (800ms)
		ReleaseScriptCaches (0ms)
		RebuildScriptCaches (0ms)
		SetupLoadedEditorAssemblies (653ms)
			LogAssemblyErrors (0ms)
			InitializePlatformSupportModulesInManaged (24ms)
			SetLoadedEditorAssemblies (20ms)
			RefreshPlugins (0ms)
			BeforeProcessingInitializeOnLoad (5ms)
			ProcessInitializeOnLoadAttributes (451ms)
			ProcessInitializeOnLoadMethodAttributes (153ms)
			AfterProcessingInitializeOnLoad (0ms)
			EditorAssembliesLoaded (0ms)
		ExecutionOrderSort2 (0ms)
		AwakeInstancesAfterBackupRestoration (0ms)
========================================================================
Worker process is ready to serve import requests
Caller must complete domain reload
Begin MonoManager ReloadAssembly
- Loaded All Assemblies, in  1.944 seconds
Native extension for WindowsStandalone target not found
Package Manager log level set to [2]
[Package Manager] Server::EnsureServerProcessIsRunning -- launch failed, reason: Unity was launched with the -noUpm command-line argument
[Package Manager] UpmClient::Send -- Unable to send message (not connected to UPM process).
[Package Manager] Cannot connect to Unity Package Manager local server
Mono: successfully reloaded assembly
- Finished resetting the current domain, in  2.374 seconds
Domain Reload Profiling: 4313ms
	BeginReloadAssembly (408ms)
		ExecutionOrderSort (0ms)
		DisableScriptedObjects (17ms)
		BackupInstance (0ms)
		ReleaseScriptingObjects (0ms)
		CreateAndSetChildDomain (57ms)
	RebuildCommonClasses (106ms)
	RebuildNativeTypeToScriptingClass (37ms)
	initialDomainReloadingComplete (128ms)
	LoadAllAssembliesAndSetupDomain (1258ms)
		LoadAssemblies (809ms)
		RebuildTransferFunctionScriptingTraits (0ms)
		AnalyzeDomain (678ms)
			TypeCache.Refresh (617ms)
				TypeCache.ScanAssembly (569ms)
			ScanForSourceGeneratedMonoScriptInfo (44ms)
			ResolveRequiredComponents (13ms)
	FinalizeReload (2375ms)
		ReleaseScriptCaches (0ms)
		RebuildScriptCaches (0ms)
		SetupLoadedEditorAssemblies (1972ms)
			LogAssemblyErrors (0ms)
			InitializePlatformSupportModulesInManaged (15ms)
			SetLoadedEditorAssemblies (8ms)
			RefreshPlugins (0ms)
			BeforeProcessingInitializeOnLoad (180ms)
			ProcessInitializeOnLoadAttributes (1704ms)
			ProcessInitializeOnLoadMethodAttributes (53ms)
			AfterProcessingInitializeOnLoad (12ms)
			EditorAssembliesLoaded (0ms)
		ExecutionOrderSort2 (0ms)
		AwakeInstancesAfterBackupRestoration (18ms)
Launched and connected shader compiler UnityShaderCompiler.exe after 0.17 seconds
Refreshing native plugins compatible for Editor in 6.67 ms, found 3 plugins.
Preloading 0 native plugins for Editor in 0.00 ms.
Unloading 3464 Unused Serialized files (Serialized files now loaded: 0)
Unloading 20 unused Assets / (96.0 KB). Loaded Objects now: 3933.
Memory consumption went from 134.5 MB to 134.5 MB.
Total: 9.067500 ms (FindLiveObjects: 0.597400 ms CreateObjectMapping: 0.413500 ms MarkObjects: 7.798600 ms  DeleteObjects: 0.254500 ms)

AssetImportParameters requested are different than current active one (requested -> active):
  custom:container-demuxer-ogg: 62fdf1f143b41e24485cea50d1cbac27 -> 
  custom:video-codec-MediaFoundation-h265: 746d11721c4dcdbdad8f713fa42b33f4 -> 
  custom:video-decoder-ogg-theora: a1e56fd34408186e4bbccfd4996cb3dc -> 
  custom:framework-win-MediaFoundation: 216162199b28c13a410421893ffa2e32 -> 
  custom:CustomObjectIndexerAttribute: 9a22284fe3817be447336de3de66b15e -> 
  custom:container-demuxer-webm: 4f35f7cbe854078d1ac9338744f61a02 -> 
  custom:container-muxer-webm: aa71ff27fc2769a1b78a27578f13a17b -> 
  custom:video-decoder-webm-vp8: 9c59270c3fd7afecdb556c50c9e8de78 -> 
  custom:SearchIndexIgnoredProperties: e643bd26f0fe6173181afceb89e7c659 -> 
  custom:AudioImporter_EditorPlatform: d09bf68614088b80899f8185d706f6e7 -> 
  custom:video-encoder-webm-vp8: eb34c28f22e8b96e1ab97ce403110664 -> 
  custom:audio-decoder-ogg-vorbis: bf7c407c2cedff20999df2af8eb42d56 -> 
  custom:audio-encoder-webm-vorbis: bf7c407c2cedff20999df2af8eb42d56 -> 
========================================================================
Received Import Request.
  Time since last request: 322083.312341 seconds.
  path: Assets/Cartoon_Texture_Pack/ROCKS/ROCKS_Volcanic/Textures
  artifactKey: Guid(c4f48679ff0e6894684740cc8e5b76b3) Importer(815301076,1909f56bfc062723c751e8b465ee728b)
Start importing Assets/Cartoon_Texture_Pack/ROCKS/ROCKS_Volcanic/Textures using Guid(c4f48679ff0e6894684740cc8e5b76b3) Importer(815301076,1909f56bfc062723c751e8b465ee728b) [PhysX] Initialized MultithreadedTaskDispatcher with 16 workers.
 -> (artifact id: '5f062969e1747b7bc0385a67448458e3') in 0.005487 seconds
Number of updated asset objects reloaded before import = 0
Number of asset objects unloaded after import = 0
========================================================================
Received Import Request.
  Time since last request: 0.073912 seconds.
  path: Assets/Cartoon_Texture_Pack/ROCKS/ROCKS_Volcanic/Textures/Rock_Volcanic_A_AO.png
  artifactKey: Guid(533fe4c6aee079c4686814301cc9f758) Importer(815301076,1909f56bfc062723c751e8b465ee728b)
Start importing Assets/Cartoon_Texture_Pack/ROCKS/ROCKS_Volcanic/Textures/Rock_Volcanic_A_AO.png using Guid(533fe4c6aee079c4686814301cc9f758) Importer(815301076,1909f56bfc062723c751e8b465ee728b) [PhysX] Initialized MultithreadedTaskDispatcher with 16 workers.
[PhysX] Initialized MultithreadedTaskDispatcher with 16 workers.
 -> (artifact id: '27f33e3e71eb094f20495c20fac8e671') in 0.250723 seconds
Number of updated asset objects reloaded before import = 0
Number of asset objects unloaded after import = 2
========================================================================
Received Import Request.
  Time since last request: 0.000064 seconds.
  path: Assets/Cartoon_Texture_Pack/ROCKS/ROCKS_Volcanic/Textures/Rock_Volcanic_C_Metallic.png
  artifactKey: Guid(6f6d30f2b1eb4e04e8e9277f5fe0fde4) Importer(815301076,1909f56bfc062723c751e8b465ee728b)
Start importing Assets/Cartoon_Texture_Pack/ROCKS/ROCKS_Volcanic/Textures/Rock_Volcanic_C_Metallic.png using Guid(6f6d30f2b1eb4e04e8e9277f5fe0fde4) Importer(815301076,1909f56bfc062723c751e8b465ee728b) [PhysX] Initialized MultithreadedTaskDispatcher with 16 workers.
[PhysX] Initialized MultithreadedTaskDispatcher with 16 workers.
 -> (artifact id: 'f2bbe186a385c4912b4ecea29f406417') in 0.029398 seconds
Number of updated asset objects reloaded before import = 0
Number of asset objects unloaded after import = 2
========================================================================
Received Import Request.
  Time since last request: 0.000073 seconds.
  path: Assets/Cartoon_Texture_Pack/ROCKS/ROCKS_Volcanic/Textures/Rock_Volcanic_B_Normal.png
  artifactKey: Guid(1230e8b59470d3f44ab4f69c009911f5) Importer(815301076,1909f56bfc062723c751e8b465ee728b)
Start importing Assets/Cartoon_Texture_Pack/ROCKS/ROCKS_Volcanic/Textures/Rock_Volcanic_B_Normal.png using Guid(1230e8b59470d3f44ab4f69c009911f5) Importer(815301076,1909f56bfc062723c751e8b465ee728b) [PhysX] Initialized MultithreadedTaskDispatcher with 16 workers.
[PhysX] Initialized MultithreadedTaskDispatcher with 16 workers.
 -> (artifact id: '4df919aa7f65c1a933776ff95c99e7d6') in 0.115032 seconds
Number of updated asset objects reloaded before import = 0
Number of asset objects unloaded after import = 2
========================================================================
Received Import Request.
  Time since last request: 0.000055 seconds.
  path: Assets/Cartoon_Texture_Pack/ROCKS/ROCKS_Volcanic/Textures/Rock_Volcanic_B_Basecolor.png
  artifactKey: Guid(851df1e5bd5100d4cb745a2dfcb4e46e) Importer(815301076,1909f56bfc062723c751e8b465ee728b)
Start importing Assets/Cartoon_Texture_Pack/ROCKS/ROCKS_Volcanic/Textures/Rock_Volcanic_B_Basecolor.png using Guid(851df1e5bd5100d4cb745a2dfcb4e46e) Importer(815301076,1909f56bfc062723c751e8b465ee728b) [PhysX] Initialized MultithreadedTaskDispatcher with 16 workers.
[PhysX] Initialized MultithreadedTaskDispatcher with 16 workers.
 -> (artifact id: 'cb1033921e99cfb906978a6edeb63fd3') in 0.040813 seconds
Number of updated asset objects reloaded before import = 0
Number of asset objects unloaded after import = 2
========================================================================
Received Import Request.
  Time since last request: 26.358256 seconds.
  path: Assets/Cartoon_Texture_Pack/SAND
  artifactKey: Guid(60f5891069bad284fb969cddff4bd6b1) Importer(815301076,1909f56bfc062723c751e8b465ee728b)
Start importing Assets/Cartoon_Texture_Pack/SAND using Guid(60f5891069bad284fb969cddff4bd6b1) Importer(815301076,1909f56bfc062723c751e8b465ee728b) [PhysX] Initialized MultithreadedTaskDispatcher with 16 workers.
 -> (artifact id: 'a4927dc2684ff155f48637506150d35b') in 0.001362 seconds
Number of updated asset objects reloaded before import = 0
Number of asset objects unloaded after import = 0
========================================================================
Received Import Request.
  Time since last request: 1.029207 seconds.
  path: Assets/Cartoon_Texture_Pack/SAND/SAND_Beach
  artifactKey: Guid(13ecdd91e3dc0ec43b8a5d75827ba2e7) Importer(815301076,1909f56bfc062723c751e8b465ee728b)
Start importing Assets/Cartoon_Texture_Pack/SAND/SAND_Beach using Guid(13ecdd91e3dc0ec43b8a5d75827ba2e7) Importer(815301076,1909f56bfc062723c751e8b465ee728b) [PhysX] Initialized MultithreadedTaskDispatcher with 16 workers.
 -> (artifact id: 'ff8b54f6b518cac28d6e43f9581549ff') in 0.001134 seconds
Number of updated asset objects reloaded before import = 0
Number of asset objects unloaded after import = 0
========================================================================
Received Import Request.
  Time since last request: 0.619590 seconds.
  path: Assets/Cartoon_Texture_Pack/SAND/SAND_Beach/Materials
  artifactKey: Guid(5a76657f4c3fecf43853ebfa8b46d98e) Importer(815301076,1909f56bfc062723c751e8b465ee728b)
Start importing Assets/Cartoon_Texture_Pack/SAND/SAND_Beach/Materials using Guid(5a76657f4c3fecf43853ebfa8b46d98e) Importer(815301076,1909f56bfc062723c751e8b465ee728b) [PhysX] Initialized MultithreadedTaskDispatcher with 16 workers.
 -> (artifact id: '99a2250e4c656c05a63ffdac4aa25843') in 0.001109 seconds
Number of updated asset objects reloaded before import = 0
Number of asset objects unloaded after import = 0
========================================================================
Received Import Request.
  Time since last request: 236.430713 seconds.
  path: Assets/Cartoon_Texture_Pack/GRASS/GRASS_Dense/GRASS_Dense_Tint_01
  artifactKey: Guid(1eca2105b44efc5478cc82a1176c4e58) Importer(815301076,1909f56bfc062723c751e8b465ee728b)
Start importing Assets/Cartoon_Texture_Pack/GRASS/GRASS_Dense/GRASS_Dense_Tint_01 using Guid(1eca2105b44efc5478cc82a1176c4e58) Importer(815301076,1909f56bfc062723c751e8b465ee728b) [PhysX] Initialized MultithreadedTaskDispatcher with 16 workers.
 -> (artifact id: 'c1a01217fb0571e4f38f030381d7c817') in 0.001162 seconds
Number of updated asset objects reloaded before import = 0
Number of asset objects unloaded after import = 0
========================================================================
Received Import Request.
  Time since last request: 0.876486 seconds.
  path: Assets/Cartoon_Texture_Pack/GRASS/GRASS_Dense/GRASS_Dense_Tint_01/Materials
  artifactKey: Guid(5d681353adac0074aa6e17cfb6fec5dd) Importer(815301076,1909f56bfc062723c751e8b465ee728b)
Start importing Assets/Cartoon_Texture_Pack/GRASS/GRASS_Dense/GRASS_Dense_Tint_01/Materials using Guid(5d681353adac0074aa6e17cfb6fec5dd) Importer(815301076,1909f56bfc062723c751e8b465ee728b) [PhysX] Initialized MultithreadedTaskDispatcher with 16 workers.
 -> (artifact id: 'b4652591d0613a93592911c71b7adbb9') in 0.000933 seconds
Number of updated asset objects reloaded before import = 0
Number of asset objects unloaded after import = 0
========================================================================
Received Import Request.
  Time since last request: 415.207558 seconds.
  path: Assets/Cartoon_Texture_Pack/WALLS
  artifactKey: Guid(682068d913e867d448c585ad5cbef6e6) Importer(815301076,1909f56bfc062723c751e8b465ee728b)
Start importing Assets/Cartoon_Texture_Pack/WALLS using Guid(682068d913e867d448c585ad5cbef6e6) Importer(815301076,1909f56bfc062723c751e8b465ee728b) [PhysX] Initialized MultithreadedTaskDispatcher with 16 workers.
 -> (artifact id: '54e97eb0747f2140405e067d79d92353') in 0.001103 seconds
Number of updated asset objects reloaded before import = 0
Number of asset objects unloaded after import = 0
========================================================================
Received Import Request.
  Time since last request: 2.222169 seconds.
  path: Assets/Cartoon_Texture_Pack/WALLS/WALL_Bricks
  artifactKey: Guid(014fa308bef7f344f99c7e498f773332) Importer(815301076,1909f56bfc062723c751e8b465ee728b)
Start importing Assets/Cartoon_Texture_Pack/WALLS/WALL_Bricks using Guid(014fa308bef7f344f99c7e498f773332) Importer(815301076,1909f56bfc062723c751e8b465ee728b) [PhysX] Initialized MultithreadedTaskDispatcher with 16 workers.
 -> (artifact id: '69feeb5236599e9debde75327d916d65') in 0.001085 seconds
Number of updated asset objects reloaded before import = 0
Number of asset objects unloaded after import = 0
========================================================================
Received Import Request.
  Time since last request: 1.970392 seconds.
  path: Assets/Cartoon_Texture_Pack/WALLS/WALL_Bricks/Textures
  artifactKey: Guid(f91e7973659c60f47b0e2868555a95e8) Importer(815301076,1909f56bfc062723c751e8b465ee728b)
Start importing Assets/Cartoon_Texture_Pack/WALLS/WALL_Bricks/Textures using Guid(f91e7973659c60f47b0e2868555a95e8) Importer(815301076,1909f56bfc062723c751e8b465ee728b) [PhysX] Initialized MultithreadedTaskDispatcher with 16 workers.
 -> (artifact id: '7ee675da37762a72054b48ebfcd088e6') in 0.001210 seconds
Number of updated asset objects reloaded before import = 0
Number of asset objects unloaded after import = 0
========================================================================
Received Import Request.
  Time since last request: 0.133504 seconds.
  path: Assets/Cartoon_Texture_Pack/WALLS/WALL_Bricks/Textures/Wall_Brick_AO.png
  artifactKey: Guid(572981d23c249024a9189323bf08a0fb) Importer(815301076,1909f56bfc062723c751e8b465ee728b)
Start importing Assets/Cartoon_Texture_Pack/WALLS/WALL_Bricks/Textures/Wall_Brick_AO.png using Guid(572981d23c249024a9189323bf08a0fb) Importer(815301076,1909f56bfc062723c751e8b465ee728b) [PhysX] Initialized MultithreadedTaskDispatcher with 16 workers.
[PhysX] Initialized MultithreadedTaskDispatcher with 16 workers.
 -> (artifact id: 'ecc96b2a67a355ec6cbdade6be7f6c6d') in 0.040688 seconds
Number of updated asset objects reloaded before import = 0
Number of asset objects unloaded after import = 2
========================================================================
Received Import Request.
  Time since last request: 0.014320 seconds.
  path: Assets/Cartoon_Texture_Pack/WALLS/WALL_Bricks/Textures/Wall_Brick_Metallic.png
  artifactKey: Guid(a9975ebe1309ad04f85c4acbb5d3c25e) Importer(815301076,1909f56bfc062723c751e8b465ee728b)
Start importing Assets/Cartoon_Texture_Pack/WALLS/WALL_Bricks/Textures/Wall_Brick_Metallic.png using Guid(a9975ebe1309ad04f85c4acbb5d3c25e) Importer(815301076,1909f56bfc062723c751e8b465ee728b) [PhysX] Initialized MultithreadedTaskDispatcher with 16 workers.
[PhysX] Initialized MultithreadedTaskDispatcher with 16 workers.
 -> (artifact id: '24bddf8d782579dcf8cdbbeeba02988e') in 0.033645 seconds
Number of updated asset objects reloaded before import = 0
Number of asset objects unloaded after import = 2
========================================================================
Received Import Request.
  Time since last request: 0.000049 seconds.
  path: Assets/Cartoon_Texture_Pack/WALLS/WALL_Bricks/Textures/Wall_Brick_Basecolor_B.png
  artifactKey: Guid(d2658fabe40d01649abca44ef7aa1a61) Importer(815301076,1909f56bfc062723c751e8b465ee728b)
Start importing Assets/Cartoon_Texture_Pack/WALLS/WALL_Bricks/Textures/Wall_Brick_Basecolor_B.png using Guid(d2658fabe40d01649abca44ef7aa1a61) Importer(815301076,1909f56bfc062723c751e8b465ee728b) [PhysX] Initialized MultithreadedTaskDispatcher with 16 workers.
[PhysX] Initialized MultithreadedTaskDispatcher with 16 workers.
 -> (artifact id: '0f98c2701b6184b2574d0731b02ecd2e') in 0.041081 seconds
Number of updated asset objects reloaded before import = 0
Number of asset objects unloaded after import = 2
========================================================================
Received Import Request.
  Time since last request: 0.000065 seconds.
  path: Assets/Cartoon_Texture_Pack/WALLS/WALL_Bricks/Textures/Wall_Brick_Height.png
  artifactKey: Guid(17aeb35c067cd4043bfd58e7e7b6cf6c) Importer(815301076,1909f56bfc062723c751e8b465ee728b)
Start importing Assets/Cartoon_Texture_Pack/WALLS/WALL_Bricks/Textures/Wall_Brick_Height.png using Guid(17aeb35c067cd4043bfd58e7e7b6cf6c) Importer(815301076,1909f56bfc062723c751e8b465ee728b) [PhysX] Initialized MultithreadedTaskDispatcher with 16 workers.
[PhysX] Initialized MultithreadedTaskDispatcher with 16 workers.
 -> (artifact id: '0aceb8ea774e1f75bbb69ae30203701a') in 0.046488 seconds
Number of updated asset objects reloaded before import = 0
Number of asset objects unloaded after import = 2
========================================================================
Received Import Request.
  Time since last request: 0.000050 seconds.
  path: Assets/Cartoon_Texture_Pack/WALLS/WALL_Bricks/Textures/Wall_Brick_Basecolor_D.png
  artifactKey: Guid(8bd9f047100a82c4cb50b4ae49bbc86c) Importer(815301076,1909f56bfc062723c751e8b465ee728b)
Start importing Assets/Cartoon_Texture_Pack/WALLS/WALL_Bricks/Textures/Wall_Brick_Basecolor_D.png using Guid(8bd9f047100a82c4cb50b4ae49bbc86c) Importer(815301076,1909f56bfc062723c751e8b465ee728b) [PhysX] Initialized MultithreadedTaskDispatcher with 16 workers.
[PhysX] Initialized MultithreadedTaskDispatcher with 16 workers.
 -> (artifact id: 'ebb04f963a2509ef76f932c724563e58') in 0.040823 seconds
Number of updated asset objects reloaded before import = 0
Number of asset objects unloaded after import = 2
========================================================================
Received Import Request.
  Time since last request: 0.000049 seconds.
  path: Assets/Cartoon_Texture_Pack/WALLS/WALL_Bricks/Textures/Wall_Brick_Basecolor_C.png
  artifactKey: Guid(52b99d64baa59234e83d32cd8818704e) Importer(815301076,1909f56bfc062723c751e8b465ee728b)
Start importing Assets/Cartoon_Texture_Pack/WALLS/WALL_Bricks/Textures/Wall_Brick_Basecolor_C.png using Guid(52b99d64baa59234e83d32cd8818704e) Importer(815301076,1909f56bfc062723c751e8b465ee728b) [PhysX] Initialized MultithreadedTaskDispatcher with 16 workers.
[PhysX] Initialized MultithreadedTaskDispatcher with 16 workers.
 -> (artifact id: 'ad4b1c2e815fdbe0d6340e1b2b7df2c1') in 0.039723 seconds
Number of updated asset objects reloaded before import = 0
Number of asset objects unloaded after import = 2
========================================================================
Received Import Request.
  Time since last request: 3.235795 seconds.
  path: Assets/Cartoon_Texture_Pack/WALLS/WALL_Bricks/Materials
  artifactKey: Guid(26bf9184221f37c4f9792fbae91b68cd) Importer(815301076,1909f56bfc062723c751e8b465ee728b)
Start importing Assets/Cartoon_Texture_Pack/WALLS/WALL_Bricks/Materials using Guid(26bf9184221f37c4f9792fbae91b68cd) Importer(815301076,1909f56bfc062723c751e8b465ee728b) [PhysX] Initialized MultithreadedTaskDispatcher with 16 workers.
 -> (artifact id: '3fad89507ec7e68391f90830899ff19a') in 0.001465 seconds
Number of updated asset objects reloaded before import = 0
Number of asset objects unloaded after import = 0
========================================================================
Received Import Request.
  Time since last request: 4.837838 seconds.
  path: Assets/Cartoon_Texture_Pack/WALLS/WALL_Stone
  artifactKey: Guid(88a6f02d80e67cf4b8f07c47093e6167) Importer(815301076,1909f56bfc062723c751e8b465ee728b)
Start importing Assets/Cartoon_Texture_Pack/WALLS/WALL_Stone using Guid(88a6f02d80e67cf4b8f07c47093e6167) Importer(815301076,1909f56bfc062723c751e8b465ee728b) [PhysX] Initialized MultithreadedTaskDispatcher with 16 workers.
 -> (artifact id: '6d93c1a8e50d5b2e0466c1a8f73ac140') in 0.001418 seconds
Number of updated asset objects reloaded before import = 0
Number of asset objects unloaded after import = 0
========================================================================
Received Import Request.
  Time since last request: 1.738003 seconds.
  path: Assets/Cartoon_Texture_Pack/WALLS/WALL_Stone/Materials
  artifactKey: Guid(1dadadd20718678459d8f4c72287709d) Importer(815301076,1909f56bfc062723c751e8b465ee728b)
Start importing Assets/Cartoon_Texture_Pack/WALLS/WALL_Stone/Materials using Guid(1dadadd20718678459d8f4c72287709d) Importer(815301076,1909f56bfc062723c751e8b465ee728b) [PhysX] Initialized MultithreadedTaskDispatcher with 16 workers.
 -> (artifact id: '730560421f0427e89be914e4467c2ade') in 0.001346 seconds
Number of updated asset objects reloaded before import = 0
Number of asset objects unloaded after import = 0
========================================================================
Received Import Request.
  Time since last request: 611.845406 seconds.
  path: Assets/Cartoon_Texture_Pack/ROCKS/ROCKS_Volcanic/Materials/Rocks_Volcanic_A.mat
  artifactKey: Guid(d9a95648e82caa7459f1106df0da4af2) Importer(815301076,1909f56bfc062723c751e8b465ee728b)
Start importing Assets/Cartoon_Texture_Pack/ROCKS/ROCKS_Volcanic/Materials/Rocks_Volcanic_A.mat using Guid(d9a95648e82caa7459f1106df0da4af2) Importer(815301076,1909f56bfc062723c751e8b465ee728b) [PhysX] Initialized MultithreadedTaskDispatcher with 16 workers.
[PhysX] Initialized MultithreadedTaskDispatcher with 16 workers.
 -> (artifact id: '6a494fa1ae502ade287377fb6b7e8ff0') in 0.121819 seconds
Number of updated asset objects reloaded before import = 0
Number of asset objects unloaded after import = 6
========================================================================
Received Import Request.
  Time since last request: 0.000060 seconds.
  path: Assets/Cartoon_Texture_Pack/ROCKS/ROCKS_Volcanic/Materials/Rocks_Volcanic_C.mat
  artifactKey: Guid(de88005d1f5e1554494e69b81da77235) Importer(815301076,1909f56bfc062723c751e8b465ee728b)
Start importing Assets/Cartoon_Texture_Pack/ROCKS/ROCKS_Volcanic/Materials/Rocks_Volcanic_C.mat using Guid(de88005d1f5e1554494e69b81da77235) Importer(815301076,1909f56bfc062723c751e8b465ee728b) [PhysX] Initialized MultithreadedTaskDispatcher with 16 workers.
[PhysX] Initialized MultithreadedTaskDispatcher with 16 workers.
 -> (artifact id: '45d780e8db9997b4b06d8717b77953b9') in 0.141422 seconds
Number of updated asset objects reloaded before import = 0
Number of asset objects unloaded after import = 6
========================================================================
Received Import Request.
  Time since last request: 1975.380002 seconds.
  path: Assets/Cartoon_Texture_Pack/WOOD/WOOD_Planks/Materials/Wood_Planks_A.mat
  artifactKey: Guid(a46ddefb78a484643af07aed081bf055) Importer(815301076,1909f56bfc062723c751e8b465ee728b)
Start importing Assets/Cartoon_Texture_Pack/WOOD/WOOD_Planks/Materials/Wood_Planks_A.mat using Guid(a46ddefb78a484643af07aed081bf055) Importer(815301076,1909f56bfc062723c751e8b465ee728b) [PhysX] Initialized MultithreadedTaskDispatcher with 16 workers.
[PhysX] Initialized MultithreadedTaskDispatcher with 16 workers.
 -> (artifact id: '6a8cb064cb9f7640e9a9ff2ecc1c5a17') in 0.109067 seconds
Number of updated asset objects reloaded before import = 0
Number of asset objects unloaded after import = 6
========================================================================
Received Import Request.
  Time since last request: 11.080463 seconds.
  path: Assets/Cartoon_Texture_Pack/WALLS/WALL_Stone/Materials/Wall_Stone_A.mat
  artifactKey: Guid(5ffe771db4b6b1a4babbbb27cd18facc) Importer(815301076,1909f56bfc062723c751e8b465ee728b)
Start importing Assets/Cartoon_Texture_Pack/WALLS/WALL_Stone/Materials/Wall_Stone_A.mat using Guid(5ffe771db4b6b1a4babbbb27cd18facc) Importer(815301076,1909f56bfc062723c751e8b465ee728b) [PhysX] Initialized MultithreadedTaskDispatcher with 16 workers.
[PhysX] Initialized MultithreadedTaskDispatcher with 16 workers.
 -> (artifact id: 'f2e1709efc4d5819a9a7372602f92ad4') in 0.030862 seconds
Number of updated asset objects reloaded before import = 0
Number of asset objects unloaded after import = 6
========================================================================
Received Import Request.
  Time since last request: 807.007908 seconds.
  path: Assets/Cartoon_Texture_Pack/WALLS/WALL_Bricks/Materials/Cone (68).prefab
  artifactKey: Guid(e61380d4a1a61da448eb9e42f1d3c117) Importer(815301076,1909f56bfc062723c751e8b465ee728b)
Start importing Assets/Cartoon_Texture_Pack/WALLS/WALL_Bricks/Materials/Cone (68).prefab using Guid(e61380d4a1a61da448eb9e42f1d3c117) Importer(815301076,1909f56bfc062723c751e8b465ee728b) [PhysX] Initialized MultithreadedTaskDispatcher with 16 workers.
 -> (artifact id: '5c77aeb19a04db02d55bb93eccb2fe8e') in 0.127254 seconds
Number of updated asset objects reloaded before import = 0
Number of asset objects unloaded after import = 10
========================================================================
Received Import Request.
  Time since last request: 0.000050 seconds.
  path: Assets/Cartoon_Texture_Pack/WALLS/WALL_Bricks/Materials/Cone (48).prefab
  artifactKey: Guid(8a14509321eb0d346a4244e2828ef450) Importer(815301076,1909f56bfc062723c751e8b465ee728b)
Start importing Assets/Cartoon_Texture_Pack/WALLS/WALL_Bricks/Materials/Cone (48).prefab using Guid(8a14509321eb0d346a4244e2828ef450) Importer(815301076,1909f56bfc062723c751e8b465ee728b) [PhysX] Initialized MultithreadedTaskDispatcher with 16 workers.
 -> (artifact id: 'a153e78dfe9691f04ef4dabbeed4cef4') in 0.004583 seconds
Number of updated asset objects reloaded before import = 0
Number of asset objects unloaded after import = 10
========================================================================
Received Import Request.
  Time since last request: 0.000040 seconds.
  path: Assets/Cartoon_Texture_Pack/WALLS/WALL_Bricks/Materials/Cone (70).prefab
  artifactKey: Guid(df92825357f410e42b4eeaa88659d7e6) Importer(815301076,1909f56bfc062723c751e8b465ee728b)
Start importing Assets/Cartoon_Texture_Pack/WALLS/WALL_Bricks/Materials/Cone (70).prefab using Guid(df92825357f410e42b4eeaa88659d7e6) Importer(815301076,1909f56bfc062723c751e8b465ee728b) [PhysX] Initialized MultithreadedTaskDispatcher with 16 workers.
 -> (artifact id: '1dcbd5877f727860a4e0b07789aa0aee') in 0.004400 seconds
Number of updated asset objects reloaded before import = 0
Number of asset objects unloaded after import = 10
========================================================================
Received Import Request.
  Time since last request: 0.000023 seconds.
  path: Assets/Cartoon_Texture_Pack/WALLS/WALL_Bricks/Materials/Cone (69).prefab
  artifactKey: Guid(cbff8f3aca5be3c40984b30899eb9612) Importer(815301076,1909f56bfc062723c751e8b465ee728b)
Start importing Assets/Cartoon_Texture_Pack/WALLS/WALL_Bricks/Materials/Cone (69).prefab using Guid(cbff8f3aca5be3c40984b30899eb9612) Importer(815301076,1909f56bfc062723c751e8b465ee728b) [PhysX] Initialized MultithreadedTaskDispatcher with 16 workers.
 -> (artifact id: 'cc223a8bd7425bd07d8bac4cbc4b456d') in 0.003818 seconds
Number of updated asset objects reloaded before import = 0
Number of asset objects unloaded after import = 10
========================================================================
Received Import Request.
  Time since last request: 0.000032 seconds.
  path: Assets/Cartoon_Texture_Pack/WALLS/WALL_Bricks/Materials/Cone (42).prefab
  artifactKey: Guid(a8fde797f4cf1084f8dea33517cfe280) Importer(815301076,1909f56bfc062723c751e8b465ee728b)
Start importing Assets/Cartoon_Texture_Pack/WALLS/WALL_Bricks/Materials/Cone (42).prefab using Guid(a8fde797f4cf1084f8dea33517cfe280) Importer(815301076,1909f56bfc062723c751e8b465ee728b) [PhysX] Initialized MultithreadedTaskDispatcher with 16 workers.
 -> (artifact id: '10fb3b8a165beaffcbdc57f31792e32f') in 0.004182 seconds
Number of updated asset objects reloaded before import = 0
Number of asset objects unloaded after import = 10
========================================================================
Received Import Request.
  Time since last request: 0.000040 seconds.
  path: Assets/Cartoon_Texture_Pack/WALLS/WALL_Bricks/Materials/Cone (59).prefab
  artifactKey: Guid(c83a8f9cdc0d81e48b8a6d2e2d1441ee) Importer(815301076,1909f56bfc062723c751e8b465ee728b)
Start importing Assets/Cartoon_Texture_Pack/WALLS/WALL_Bricks/Materials/Cone (59).prefab using Guid(c83a8f9cdc0d81e48b8a6d2e2d1441ee) Importer(815301076,1909f56bfc062723c751e8b465ee728b) [PhysX] Initialized MultithreadedTaskDispatcher with 16 workers.
 -> (artifact id: 'e2faafdb248ec5cef9827a33b539f2cc') in 0.004453 seconds
Number of updated asset objects reloaded before import = 0
Number of asset objects unloaded after import = 10
========================================================================
Received Import Request.
  Time since last request: 0.000041 seconds.
  path: Assets/Cartoon_Texture_Pack/WALLS/WALL_Bricks/Materials/Cone (73).prefab
  artifactKey: Guid(ecb1ec5eb10ae284581693a609f13d51) Importer(815301076,1909f56bfc062723c751e8b465ee728b)
Start importing Assets/Cartoon_Texture_Pack/WALLS/WALL_Bricks/Materials/Cone (73).prefab using Guid(ecb1ec5eb10ae284581693a609f13d51) Importer(815301076,1909f56bfc062723c751e8b465ee728b) [PhysX] Initialized MultithreadedTaskDispatcher with 16 workers.
 -> (artifact id: '9c7de206f8ee9813ea5a914ffb335aa9') in 0.003745 seconds
Number of updated asset objects reloaded before import = 0
Number of asset objects unloaded after import = 10
========================================================================
Received Import Request.
  Time since last request: 0.000033 seconds.
  path: Assets/Cartoon_Texture_Pack/WALLS/WALL_Bricks/Materials/Cone (50).prefab
  artifactKey: Guid(db784ba2d6869f14796097b0f69c6a79) Importer(815301076,1909f56bfc062723c751e8b465ee728b)
Start importing Assets/Cartoon_Texture_Pack/WALLS/WALL_Bricks/Materials/Cone (50).prefab using Guid(db784ba2d6869f14796097b0f69c6a79) Importer(815301076,1909f56bfc062723c751e8b465ee728b) [PhysX] Initialized MultithreadedTaskDispatcher with 16 workers.
 -> (artifact id: '4c0e6de21fe7256a02f124223f8e369a') in 0.004161 seconds
Number of updated asset objects reloaded before import = 0
Number of asset objects unloaded after import = 10
========================================================================
Received Import Request.
  Time since last request: 0.000045 seconds.
  path: Assets/Cartoon_Texture_Pack/WALLS/WALL_Bricks/Materials/Cone (47).prefab
  artifactKey: Guid(745e1de7e3f79254eac2c0a7cec463ca) Importer(815301076,1909f56bfc062723c751e8b465ee728b)
Start importing Assets/Cartoon_Texture_Pack/WALLS/WALL_Bricks/Materials/Cone (47).prefab using Guid(745e1de7e3f79254eac2c0a7cec463ca) Importer(815301076,1909f56bfc062723c751e8b465ee728b) [PhysX] Initialized MultithreadedTaskDispatcher with 16 workers.
 -> (artifact id: '48acaac5ce1a62d1db8cb13ba9d68d11') in 0.006280 seconds
Number of updated asset objects reloaded before import = 0
Number of asset objects unloaded after import = 10
========================================================================
Received Import Request.
  Time since last request: 0.000028 seconds.
  path: Assets/Cartoon_Texture_Pack/WALLS/WALL_Bricks/Materials/Cone (63).prefab
  artifactKey: Guid(b032cc79d5511554982b806eb5a7b463) Importer(815301076,1909f56bfc062723c751e8b465ee728b)
Start importing Assets/Cartoon_Texture_Pack/WALLS/WALL_Bricks/Materials/Cone (63).prefab using Guid(b032cc79d5511554982b806eb5a7b463) Importer(815301076,1909f56bfc062723c751e8b465ee728b) [PhysX] Initialized MultithreadedTaskDispatcher with 16 workers.
 -> (artifact id: '63b077dc1575ad34ded0ab76d876a034') in 0.003462 seconds
Number of updated asset objects reloaded before import = 0
Number of asset objects unloaded after import = 10
========================================================================
Received Import Request.
  Time since last request: 0.000027 seconds.
  path: Assets/Cartoon_Texture_Pack/WALLS/WALL_Bricks/Materials/Cone (40).prefab
  artifactKey: Guid(5d94e2bf8d049cd46b94a474ecb1531d) Importer(815301076,1909f56bfc062723c751e8b465ee728b)
Start importing Assets/Cartoon_Texture_Pack/WALLS/WALL_Bricks/Materials/Cone (40).prefab using Guid(5d94e2bf8d049cd46b94a474ecb1531d) Importer(815301076,1909f56bfc062723c751e8b465ee728b) [PhysX] Initialized MultithreadedTaskDispatcher with 16 workers.
 -> (artifact id: 'a7459ff39bc3c87b9cbf27e269b86dac') in 0.003120 seconds
Number of updated asset objects reloaded before import = 0
Number of asset objects unloaded after import = 10
========================================================================
Received Import Request.
  Time since last request: 0.000024 seconds.
  path: Assets/Cartoon_Texture_Pack/WALLS/WALL_Bricks/Materials/Cone (57).prefab
  artifactKey: Guid(d69280bb58c9df440bc8544dc68f0821) Importer(815301076,1909f56bfc062723c751e8b465ee728b)
Start importing Assets/Cartoon_Texture_Pack/WALLS/WALL_Bricks/Materials/Cone (57).prefab using Guid(d69280bb58c9df440bc8544dc68f0821) Importer(815301076,1909f56bfc062723c751e8b465ee728b) [PhysX] Initialized MultithreadedTaskDispatcher with 16 workers.
 -> (artifact id: '54c61e08387f445faa2906169d891bcc') in 0.004497 seconds
Number of updated asset objects reloaded before import = 0
Number of asset objects unloaded after import = 10
========================================================================
Received Import Request.
  Time since last request: 0.000038 seconds.
  path: Assets/Cartoon_Texture_Pack/WALLS/WALL_Bricks/Materials/Cone (65).prefab
  artifactKey: Guid(54e00ec25c853ba45808f33548901f29) Importer(815301076,1909f56bfc062723c751e8b465ee728b)
Start importing Assets/Cartoon_Texture_Pack/WALLS/WALL_Bricks/Materials/Cone (65).prefab using Guid(54e00ec25c853ba45808f33548901f29) Importer(815301076,1909f56bfc062723c751e8b465ee728b) [PhysX] Initialized MultithreadedTaskDispatcher with 16 workers.
 -> (artifact id: 'f0a5399dd28aecd7a869a8bf534fb3d0') in 0.004466 seconds
Number of updated asset objects reloaded before import = 0
Number of asset objects unloaded after import = 10
========================================================================
Received Import Request.
  Time since last request: 0.000032 seconds.
  path: Assets/Cartoon_Texture_Pack/WALLS/WALL_Bricks/Materials/Cone (62).prefab
  artifactKey: Guid(4cc0c52e0d1015d49859bd47735dd989) Importer(815301076,1909f56bfc062723c751e8b465ee728b)
Start importing Assets/Cartoon_Texture_Pack/WALLS/WALL_Bricks/Materials/Cone (62).prefab using Guid(4cc0c52e0d1015d49859bd47735dd989) Importer(815301076,1909f56bfc062723c751e8b465ee728b) [PhysX] Initialized MultithreadedTaskDispatcher with 16 workers.
 -> (artifact id: '8b73f9134d7ff3a9bfc8c33475569866') in 0.003108 seconds
Number of updated asset objects reloaded before import = 0
Number of asset objects unloaded after import = 10
========================================================================
Received Import Request.
  Time since last request: 0.000022 seconds.
  path: Assets/Cartoon_Texture_Pack/WALLS/WALL_Bricks/Materials/Cone (43).prefab
  artifactKey: Guid(aeb7996b077a05f4283af13e408ed5f8) Importer(815301076,1909f56bfc062723c751e8b465ee728b)
Start importing Assets/Cartoon_Texture_Pack/WALLS/WALL_Bricks/Materials/Cone (43).prefab using Guid(aeb7996b077a05f4283af13e408ed5f8) Importer(815301076,1909f56bfc062723c751e8b465ee728b) [PhysX] Initialized MultithreadedTaskDispatcher with 16 workers.
 -> (artifact id: '790f606b213f232b3613147f1cf5ee8c') in 0.002685 seconds
Number of updated asset objects reloaded before import = 0
Number of asset objects unloaded after import = 10
========================================================================
Received Import Request.
  Time since last request: 0.000021 seconds.
  path: Assets/Cartoon_Texture_Pack/WALLS/WALL_Bricks/Materials/Cone (44).prefab
  artifactKey: Guid(339cd0c12118a3b498fbe8b6fea29a32) Importer(815301076,1909f56bfc062723c751e8b465ee728b)
Start importing Assets/Cartoon_Texture_Pack/WALLS/WALL_Bricks/Materials/Cone (44).prefab using Guid(339cd0c12118a3b498fbe8b6fea29a32) Importer(815301076,1909f56bfc062723c751e8b465ee728b) [PhysX] Initialized MultithreadedTaskDispatcher with 16 workers.
 -> (artifact id: '99507cca4301c76e18640e0535400a9f') in 0.002584 seconds
Number of updated asset objects reloaded before import = 0
Number of asset objects unloaded after import = 10
========================================================================
Received Import Request.
  Time since last request: 0.000030 seconds.
  path: Assets/Cartoon_Texture_Pack/WALLS/WALL_Bricks/Materials/Cone (41).prefab
  artifactKey: Guid(ac78b46c5da80a04394766b761289270) Importer(815301076,1909f56bfc062723c751e8b465ee728b)
Start importing Assets/Cartoon_Texture_Pack/WALLS/WALL_Bricks/Materials/Cone (41).prefab using Guid(ac78b46c5da80a04394766b761289270) Importer(815301076,1909f56bfc062723c751e8b465ee728b) [PhysX] Initialized MultithreadedTaskDispatcher with 16 workers.
 -> (artifact id: '796d1cb420522fddc760cdb40efdc01a') in 0.002665 seconds
Number of updated asset objects reloaded before import = 0
Number of asset objects unloaded after import = 10
========================================================================
Received Import Request.
  Time since last request: 0.000020 seconds.
  path: Assets/Cartoon_Texture_Pack/WALLS/WALL_Bricks/Materials/Cone (64).prefab
  artifactKey: Guid(ef7e01c114d170d4181e162e6db57649) Importer(815301076,1909f56bfc062723c751e8b465ee728b)
Start importing Assets/Cartoon_Texture_Pack/WALLS/WALL_Bricks/Materials/Cone (64).prefab using Guid(ef7e01c114d170d4181e162e6db57649) Importer(815301076,1909f56bfc062723c751e8b465ee728b) [PhysX] Initialized MultithreadedTaskDispatcher with 16 workers.
 -> (artifact id: 'effe5c09c0c3d11ea8f2ed669fd5c30b') in 0.002459 seconds
Number of updated asset objects reloaded before import = 0
Number of asset objects unloaded after import = 10
========================================================================
Received Import Request.
  Time since last request: 0.000019 seconds.
  path: Assets/Cartoon_Texture_Pack/WALLS/WALL_Bricks/Materials/Cone (61).prefab
  artifactKey: Guid(dc68f9f6c1db84e4983539ce46541d16) Importer(815301076,1909f56bfc062723c751e8b465ee728b)
Start importing Assets/Cartoon_Texture_Pack/WALLS/WALL_Bricks/Materials/Cone (61).prefab using Guid(dc68f9f6c1db84e4983539ce46541d16) Importer(815301076,1909f56bfc062723c751e8b465ee728b) [PhysX] Initialized MultithreadedTaskDispatcher with 16 workers.
 -> (artifact id: '21ec95597e4ac4522a7c6ebc2fc3030a') in 0.002640 seconds
Number of updated asset objects reloaded before import = 0
Number of asset objects unloaded after import = 10
========================================================================
Received Import Request.
  Time since last request: 0.000070 seconds.
  path: Assets/Cartoon_Texture_Pack/WALLS/WALL_Bricks/Materials/Cone (49).prefab
  artifactKey: Guid(d503271b42ee6914f93ad4d04a57d40f) Importer(815301076,1909f56bfc062723c751e8b465ee728b)
Start importing Assets/Cartoon_Texture_Pack/WALLS/WALL_Bricks/Materials/Cone (49).prefab using Guid(d503271b42ee6914f93ad4d04a57d40f) Importer(815301076,1909f56bfc062723c751e8b465ee728b) [PhysX] Initialized MultithreadedTaskDispatcher with 16 workers.
 -> (artifact id: 'e2d2d890c8cbc59c6a0997ef81db080d') in 0.003074 seconds
Number of updated asset objects reloaded before import = 0
Number of asset objects unloaded after import = 10
========================================================================
Received Import Request.
  Time since last request: 0.000027 seconds.
  path: Assets/Cartoon_Texture_Pack/WALLS/WALL_Bricks/Materials/Cone (56).prefab
  artifactKey: Guid(dff4c04fe58e7834da2d047e6ebaf2e1) Importer(815301076,1909f56bfc062723c751e8b465ee728b)
Start importing Assets/Cartoon_Texture_Pack/WALLS/WALL_Bricks/Materials/Cone (56).prefab using Guid(dff4c04fe58e7834da2d047e6ebaf2e1) Importer(815301076,1909f56bfc062723c751e8b465ee728b) [PhysX] Initialized MultithreadedTaskDispatcher with 16 workers.
 -> (artifact id: 'f06a2d6eebd5305996a101eac0ccd21e') in 0.003181 seconds
Number of updated asset objects reloaded before import = 0
Number of asset objects unloaded after import = 10
========================================================================
Received Import Request.
  Time since last request: 0.000027 seconds.
  path: Assets/Cartoon_Texture_Pack/WALLS/WALL_Bricks/Materials/Cone (72).prefab
  artifactKey: Guid(2cb60c1d9258a174ab6d74c364fbc4ba) Importer(815301076,1909f56bfc062723c751e8b465ee728b)
Start importing Assets/Cartoon_Texture_Pack/WALLS/WALL_Bricks/Materials/Cone (72).prefab using Guid(2cb60c1d9258a174ab6d74c364fbc4ba) Importer(815301076,1909f56bfc062723c751e8b465ee728b) [PhysX] Initialized MultithreadedTaskDispatcher with 16 workers.
 -> (artifact id: '5a4fbe071cee67f61326814f42f0331f') in 0.003436 seconds
Number of updated asset objects reloaded before import = 0
Number of asset objects unloaded after import = 10
========================================================================
Received Import Request.
  Time since last request: 0.000030 seconds.
  path: Assets/Cartoon_Texture_Pack/WALLS/WALL_Bricks/Materials/Cone (74).prefab
  artifactKey: Guid(3a26f20ac90b10c4c81b53eef4c0716b) Importer(815301076,1909f56bfc062723c751e8b465ee728b)
Start importing Assets/Cartoon_Texture_Pack/WALLS/WALL_Bricks/Materials/Cone (74).prefab using Guid(3a26f20ac90b10c4c81b53eef4c0716b) Importer(815301076,1909f56bfc062723c751e8b465ee728b) [PhysX] Initialized MultithreadedTaskDispatcher with 16 workers.
 -> (artifact id: '4e48dab79eaa45637c0c48a1c754f0e0') in 0.003131 seconds
Number of updated asset objects reloaded before import = 0
Number of asset objects unloaded after import = 10
========================================================================
Received Import Request.
  Time since last request: 0.000104 seconds.
  path: Assets/Cartoon_Texture_Pack/WALLS/WALL_Bricks/Materials/Cone (71).prefab
  artifactKey: Guid(a0580bb8612f140408c13fef5feb4415) Importer(815301076,1909f56bfc062723c751e8b465ee728b)
Start importing Assets/Cartoon_Texture_Pack/WALLS/WALL_Bricks/Materials/Cone (71).prefab using Guid(a0580bb8612f140408c13fef5feb4415) Importer(815301076,1909f56bfc062723c751e8b465ee728b) [PhysX] Initialized MultithreadedTaskDispatcher with 16 workers.
 -> (artifact id: '709dc9eb4e91e8439d9f3ccbd7fe6793') in 0.003101 seconds
Number of updated asset objects reloaded before import = 0
Number of asset objects unloaded after import = 10
========================================================================
Received Import Request.
  Time since last request: 0.000021 seconds.
  path: Assets/Cartoon_Texture_Pack/WALLS/WALL_Bricks/Materials/Cone (52).prefab
  artifactKey: Guid(c3e5c1b203e64e848bd2b679cc6156d8) Importer(815301076,1909f56bfc062723c751e8b465ee728b)
Start importing Assets/Cartoon_Texture_Pack/WALLS/WALL_Bricks/Materials/Cone (52).prefab using Guid(c3e5c1b203e64e848bd2b679cc6156d8) Importer(815301076,1909f56bfc062723c751e8b465ee728b) [PhysX] Initialized MultithreadedTaskDispatcher with 16 workers.
 -> (artifact id: '63b817036a9faf4686a36e89f1b6ab1f') in 0.003170 seconds
Number of updated asset objects reloaded before import = 0
Number of asset objects unloaded after import = 10
========================================================================
Received Import Request.
  Time since last request: 0.000023 seconds.
  path: Assets/Cartoon_Texture_Pack/WALLS/WALL_Bricks/Materials/Cone (53).prefab
  artifactKey: Guid(78023645c13b3114aa262d2e8a6640c3) Importer(815301076,1909f56bfc062723c751e8b465ee728b)
Start importing Assets/Cartoon_Texture_Pack/WALLS/WALL_Bricks/Materials/Cone (53).prefab using Guid(78023645c13b3114aa262d2e8a6640c3) Importer(815301076,1909f56bfc062723c751e8b465ee728b) [PhysX] Initialized MultithreadedTaskDispatcher with 16 workers.
 -> (artifact id: '0c32e287db6400e394c2fffe81cfef2b') in 0.003089 seconds
Number of updated asset objects reloaded before import = 0
Number of asset objects unloaded after import = 10
Editor requested this worker to shutdown with reason: Scaling down because of idle timeout
TcpMessagingSession - receive error: operation aborted. errorcode: 995, details: La operacin de E/S se anul por una salida de subproceso o por una solicitud de aplicacin.
AssetImportWorker is now disconnected from the server
Process exiting
Exiting without the bug reporter. Application will terminate with return code 0